# JRE version: OpenJDK Runtime Environment AdoptOpenJDK (11.0.8+1) (build 11.0.8+1-202007270708)
# Java VM: Dynamic Code Evolution 64-Bit Server VM AdoptOpenJDK (11.0.8+1-202007270708, mixed mode, tiered, compressed oops, serial gc, windows-amd64)
Heap:
 def new generation   total 156096K, used 12560K [0x0000000605e00000, 0x0000000610760000, 0x00000006ae950000)
  eden space 138752K,   7% used [0x0000000605e00000, 0x00000006067ac5d8, 0x000000060e580000)
  from space 17344K,  15% used [0x000000060e580000, 0x000000060e817a60, 0x000000060f670000)
  to   space 17344K,   0% used [0x000000060f670000, 0x000000060f670000, 0x0000000610760000)
 tenured generation   total 346816K, used 52753K [0x00000006ae950000, 0x00000006c3c00000, 0x0000000800000000)
   the space 346816K,  15% used [0x00000006ae950000, 0x00000006b1cd4618, 0x00000006b1cd4800, 0x00000006c3c00000)
 Metaspace       used 90705K, capacity 93042K, committed 93332K, reserved 1130496K
  class space    used 11326K, capacity 12167K, committed 12248K, reserved 1048576K
GC Heap History (20 events):
Event: 8559.472 GC heap before
{Heap before GC invocations=6 (full 1):
 def new generation   total 156096K, used 149893K [0x0000000605e00000, 0x0000000610760000, 0x00000006ae950000)
  eden space 138752K, 100% used [0x0000000605e00000, 0x000000060e580000, 0x000000060e580000)
  from space 17344K,  64% used [0x000000060e580000, 0x000000060f061488, 0x000000060f670000)
  to   space 17344K,   0% used [0x000000060f670000, 0x000000060f670000, 0x0000000610760000)
 tenured generation   total 346816K, used 15286K [0x00000006ae950000, 0x00000006c3c00000, 0x0000000800000000)
   the space 346816K,   4% used [0x00000006ae950000, 0x00000006af83dae8, 0x00000006af83dc00, 0x00000006c3c00000)
 Metaspace       used 33883K, capacity 34615K, committed 34816K, reserved 1081344K
  class space    used 3501K, capacity 3776K, committed 3840K, reserved 1048576K
}
Event: 8559.506 GC heap after
{Heap after GC invocations=7 (full 1):
 def new generation   total 156096K, used 9096K [0x0000000605e00000, 0x0000000610760000, 0x00000006ae950000)
  eden space 138752K,   0% used [0x0000000605e00000, 0x0000000605e00000, 0x000000060e580000)
  from space 17344K,  52% used [0x000000060f670000, 0x000000060ff52358, 0x0000000610760000)
  to   space 17344K,   0% used [0x000000060e580000, 0x000000060e580000, 0x000000060f670000)
 tenured generation   total 346816K, used 18710K [0x00000006ae950000, 0x00000006c3c00000, 0x0000000800000000)
   the space 346816K,   5% used [0x00000006ae950000, 0x00000006afb95b78, 0x00000006afb95c00, 0x00000006c3c00000)
 Metaspace       used 33883K, capacity 34615K, committed 34816K, reserved 1081344K
  class space    used 3501K, capacity 3776K, committed 3840K, reserved 1048576K
}
Event: 8559.541 GC heap before
{Heap before GC invocations=7 (full 1):
 def new generation   total 156096K, used 13319K [0x0000000605e00000, 0x0000000610760000, 0x00000006ae950000)
  eden space 138752K,   3% used [0x0000000605e00000, 0x000000060621f8d8, 0x000000060e580000)
  from space 17344K,  52% used [0x000000060f670000, 0x000000060ff52358, 0x0000000610760000)
  to   space 17344K,   0% used [0x000000060e580000, 0x000000060e580000, 0x000000060f670000)
 tenured generation   total 346816K, used 18710K [0x00000006ae950000, 0x00000006c3c00000, 0x0000000800000000)
   the space 346816K,   5% used [0x00000006ae950000, 0x00000006afb95b78, 0x00000006afb95c00, 0x00000006c3c00000)
 Metaspace       used 34637K, capacity 35322K, committed 35416K, reserved 1081344K
  class space    used 3582K, capacity 3841K, committed 3928K, reserved 1048576K
}
Event: 8559.628 GC heap after
{Heap after GC invocations=8 (full 2):
 def new generation   total 156096K, used 0K [0x0000000605e00000, 0x0000000610760000, 0x00000006ae950000)
  eden space 138752K,   0% used [0x0000000605e00000, 0x0000000605e00000, 0x000000060e580000)
  from space 17344K,   0% used [0x000000060f670000, 0x000000060f670000, 0x0000000610760000)
  to   space 17344K,   0% used [0x000000060e580000, 0x000000060e580000, 0x000000060f670000)
 tenured generation   total 346816K, used 27601K [0x00000006ae950000, 0x00000006c3c00000, 0x0000000800000000)
   the space 346816K,   7% used [0x00000006ae950000, 0x00000006b0444690, 0x00000006b0444800, 0x00000006c3c00000)
 Metaspace       used 34412K, capacity 34980K, committed 35416K, reserved 1081344K
  class space    used 3523K, capacity 3733K, committed 3928K, reserved 1048576K
}
Event: 8562.622 GC heap before
{Heap before GC invocations=8 (full 2):
 def new generation   total 156096K, used 138752K [0x0000000605e00000, 0x0000000610760000, 0x00000006ae950000)
  eden space 138752K, 100% used [0x0000000605e00000, 0x000000060e580000, 0x000000060e580000)
  from space 17344K,   0% used [0x000000060f670000, 0x000000060f670000, 0x0000000610760000)
  to   space 17344K,   0% used [0x000000060e580000, 0x000000060e580000, 0x000000060f670000)
 tenured generation   total 346816K, used 27601K [0x00000006ae950000, 0x00000006c3c00000, 0x0000000800000000)
   the space 346816K,   7% used [0x00000006ae950000, 0x00000006b0444690, 0x00000006b0444800, 0x00000006c3c00000)
 Metaspace       used 44818K, capacity 45476K, committed 45784K, reserved 1089536K
  class space    used 4743K, capacity 4973K, committed 5080K, reserved 1048576K
}
Event: 8562.634 GC heap after
{Heap after GC invocations=9 (full 2):
 def new generation   total 156096K, used 2494K [0x0000000605e00000, 0x0000000610760000, 0x00000006ae950000)
  eden space 138752K,   0% used [0x0000000605e00000, 0x0000000605e00000, 0x000000060e580000)
  from space 17344K,  14% used [0x000000060e580000, 0x000000060e7efb20, 0x000000060f670000)
  to   space 17344K,   0% used [0x000000060f670000, 0x000000060f670000, 0x0000000610760000)
 tenured generation   total 346816K, used 27601K [0x00000006ae950000, 0x00000006c3c00000, 0x0000000800000000)
   the space 346816K,   7% used [0x00000006ae950000, 0x00000006b0444690, 0x00000006b0444800, 0x00000006c3c00000)
 Metaspace       used 44818K, capacity 45476K, committed 45784K, reserved 1089536K
  class space    used 4743K, capacity 4973K, committed 5080K, reserved 1048576K
}
Event: 8565.335 GC heap before
{Heap before GC invocations=9 (full 2):
 def new generation   total 156096K, used 141246K [0x0000000605e00000, 0x0000000610760000, 0x00000006ae950000)
  eden space 138752K, 100% used [0x0000000605e00000, 0x000000060e580000, 0x000000060e580000)
  from space 17344K,  14% used [0x000000060e580000, 0x000000060e7efb20, 0x000000060f670000)
  to   space 17344K,   0% used [0x000000060f670000, 0x000000060f670000, 0x0000000610760000)
 tenured generation   total 346816K, used 27601K [0x00000006ae950000, 0x00000006c3c00000, 0x0000000800000000)
   the space 346816K,   7% used [0x00000006ae950000, 0x00000006b0444690, 0x00000006b0444800, 0x00000006c3c00000)
 Metaspace       used 50383K, capacity 51233K, committed 51416K, reserved 1095680K
  class space    used 5678K, capacity 5972K, committed 6104K, reserved 1048576K
}
Event: 8565.349 GC heap after
{Heap after GC invocations=10 (full 2):
 def new generation   total 156096K, used 10353K [0x0000000605e00000, 0x0000000610760000, 0x00000006ae950000)
  eden space 138752K,   0% used [0x0000000605e00000, 0x0000000605e00000, 0x000000060e580000)
  from space 17344K,  59% used [0x000000060f670000, 0x000000061008c698, 0x0000000610760000)
  to   space 17344K,   0% used [0x000000060e580000, 0x000000060e580000, 0x000000060f670000)
 tenured generation   total 346816K, used 27601K [0x00000006ae950000, 0x00000006c3c00000, 0x0000000800000000)
   the space 346816K,   7% used [0x00000006ae950000, 0x00000006b0444690, 0x00000006b0444800, 0x00000006c3c00000)
 Metaspace       used 50383K, capacity 51233K, committed 51416K, reserved 1095680K
  class space    used 5678K, capacity 5972K, committed 6104K, reserved 1048576K
}
Event: 8568.117 GC heap before
{Heap before GC invocations=10 (full 2):
 def new generation   total 156096K, used 114163K [0x0000000605e00000, 0x0000000610760000, 0x00000006ae950000)
  eden space 138752K,  74% used [0x0000000605e00000, 0x000000060c3606f8, 0x000000060e580000)
  from space 17344K,  59% used [0x000000060f670000, 0x000000061008c698, 0x0000000610760000)
  to   space 17344K,   0% used [0x000000060e580000, 0x000000060e580000, 0x000000060f670000)
 tenured generation   total 346816K, used 27601K [0x00000006ae950000, 0x00000006c3c00000, 0x0000000800000000)
   the space 346816K,   7% used [0x00000006ae950000, 0x00000006b0444690, 0x00000006b0444800, 0x00000006c3c00000)
 Metaspace       used 57955K, capacity 58897K, committed 59028K, reserved 1101824K
  class space    used 6711K, capacity 7093K, committed 7128K, reserved 1048576K
}
Event: 8568.238 GC heap after
{Heap after GC invocations=11 (full 3):
 def new generation   total 156096K, used 0K [0x0000000605e00000, 0x0000000610760000, 0x00000006ae950000)
  eden space 138752K,   0% used [0x0000000605e00000, 0x0000000605e00000, 0x000000060e580000)
  from space 17344K,   0% used [0x000000060f670000, 0x000000060f670000, 0x0000000610760000)
  to   space 17344K,   0% used [0x000000060e580000, 0x000000060e580000, 0x000000060f670000)
 tenured generation   total 346816K, used 41240K [0x00000006ae950000, 0x00000006c3c00000, 0x0000000800000000)
   the space 346816K,  11% used [0x00000006ae950000, 0x00000006b1196078, 0x00000006b1196200, 0x00000006c3c00000)
 Metaspace       used 57955K, capacity 58897K, committed 59028K, reserved 1101824K
  class space    used 6711K, capacity 7093K, committed 7128K, reserved 1048576K
}
Event: 8572.669 GC heap before
{Heap before GC invocations=11 (full 3):
 def new generation   total 156096K, used 138752K [0x0000000605e00000, 0x0000000610760000, 0x00000006ae950000)
  eden space 138752K, 100% used [0x0000000605e00000, 0x000000060e580000, 0x000000060e580000)
  from space 17344K,   0% used [0x000000060f670000, 0x000000060f670000, 0x0000000610760000)
  to   space 17344K,   0% used [0x000000060e580000, 0x000000060e580000, 0x000000060f670000)
 tenured generation   total 346816K, used 41240K [0x00000006ae950000, 0x00000006c3c00000, 0x0000000800000000)
   the space 346816K,  11% used [0x00000006ae950000, 0x00000006b1196078, 0x00000006b1196200, 0x00000006c3c00000)
 Metaspace       used 65645K, capacity 66781K, committed 67092K, reserved 1107968K
  class space    used 7772K, capacity 8180K, committed 8280K, reserved 1048576K
}
Event: 8572.682 GC heap after
{Heap after GC invocations=12 (full 3):
 def new generation   total 156096K, used 2528K [0x0000000605e00000, 0x0000000610760000, 0x00000006ae950000)
  eden space 138752K,   0% used [0x0000000605e00000, 0x0000000605e00000, 0x000000060e580000)
  from space 17344K,  14% used [0x000000060e580000, 0x000000060e7f8360, 0x000000060f670000)
  to   space 17344K,   0% used [0x000000060f670000, 0x000000060f670000, 0x0000000610760000)
 tenured generation   total 346816K, used 41240K [0x00000006ae950000, 0x00000006c3c00000, 0x0000000800000000)
   the space 346816K,  11% used [0x00000006ae950000, 0x00000006b1196078, 0x00000006b1196200, 0x00000006c3c00000)
 Metaspace       used 65645K, capacity 66781K, committed 67092K, reserved 1107968K
  class space    used 7772K, capacity 8180K, committed 8280K, reserved 1048576K
}
Event: 8577.327 GC heap before
{Heap before GC invocations=12 (full 3):
 def new generation   total 156096K, used 141280K [0x0000000605e00000, 0x0000000610760000, 0x00000006ae950000)
  eden space 138752K, 100% used [0x0000000605e00000, 0x000000060e580000, 0x000000060e580000)
  from space 17344K,  14% used [0x000000060e580000, 0x000000060e7f8360, 0x000000060f670000)
  to   space 17344K,   0% used [0x000000060f670000, 0x000000060f670000, 0x0000000610760000)
 tenured generation   total 346816K, used 41240K [0x00000006ae950000, 0x00000006c3c00000, 0x0000000800000000)
   the space 346816K,  11% used [0x00000006ae950000, 0x00000006b1196078, 0x00000006b1196200, 0x00000006c3c00000)
 Metaspace       used 72971K, capacity 74208K, committed 74260K, reserved 1114112K
  class space    used 8800K, capacity 9268K, committed 9304K, reserved 1048576K
}
Event: 8577.353 GC heap after
{Heap after GC invocations=13 (full 3):
 def new generation   total 156096K, used 11542K [0x0000000605e00000, 0x0000000610760000, 0x00000006ae950000)
  eden space 138752K,   0% used [0x0000000605e00000, 0x0000000605e00000, 0x000000060e580000)
  from space 17344K,  66% used [0x000000060f670000, 0x00000006101b5868, 0x0000000610760000)
  to   space 17344K,   0% used [0x000000060e580000, 0x000000060e580000, 0x000000060f670000)
 tenured generation   total 346816K, used 41240K [0x00000006ae950000, 0x00000006c3c00000, 0x0000000800000000)
   the space 346816K,  11% used [0x00000006ae950000, 0x00000006b1196078, 0x00000006b1196200, 0x00000006c3c00000)
 Metaspace       used 72971K, capacity 74208K, committed 74260K, reserved 1114112K
  class space    used 8800K, capacity 9268K, committed 9304K, reserved 1048576K
}
Event: 8578.993 GC heap before
{Heap before GC invocations=13 (full 3):
 def new generation   total 156096K, used 150294K [0x0000000605e00000, 0x0000000610760000, 0x00000006ae950000)
  eden space 138752K, 100% used [0x0000000605e00000, 0x000000060e580000, 0x000000060e580000)
  from space 17344K,  66% used [0x000000060f670000, 0x00000006101b5868, 0x0000000610760000)
  to   space 17344K,   0% used [0x000000060e580000, 0x000000060e580000, 0x000000060f670000)
 tenured generation   total 346816K, used 41240K [0x00000006ae950000, 0x00000006c3c00000, 0x0000000800000000)
   the space 346816K,  11% used [0x00000006ae950000, 0x00000006b1196078, 0x00000006b1196200, 0x00000006c3c00000)
 Metaspace       used 79572K, capacity 81423K, committed 81684K, reserved 1120256K
  class space    used 9683K, capacity 10268K, committed 10328K, reserved 1048576K
}
Event: 8579.021 GC heap after
{Heap after GC invocations=14 (full 3):
 def new generation   total 156096K, used 3164K [0x0000000605e00000, 0x0000000610760000, 0x00000006ae950000)
  eden space 138752K,   0% used [0x0000000605e00000, 0x0000000605e00000, 0x000000060e580000)
  from space 17344K,  18% used [0x000000060e580000, 0x000000060e8971c0, 0x000000060f670000)
  to   space 17344K,   0% used [0x000000060f670000, 0x000000060f670000, 0x0000000610760000)
 tenured generation   total 346816K, used 52753K [0x00000006ae950000, 0x00000006c3c00000, 0x0000000800000000)
   the space 346816K,  15% used [0x00000006ae950000, 0x00000006b1cd4618, 0x00000006b1cd4800, 0x00000006c3c00000)
 Metaspace       used 79572K, capacity 81423K, committed 81684K, reserved 1120256K
  class space    used 9683K, capacity 10268K, committed 10328K, reserved 1048576K
}
Event: 8579.786 GC heap before
{Heap before GC invocations=14 (full 3):
 def new generation   total 156096K, used 141916K [0x0000000605e00000, 0x0000000610760000, 0x00000006ae950000)
  eden space 138752K, 100% used [0x0000000605e00000, 0x000000060e580000, 0x000000060e580000)
  from space 17344K,  18% used [0x000000060e580000, 0x000000060e8971c0, 0x000000060f670000)
  to   space 17344K,   0% used [0x000000060f670000, 0x000000060f670000, 0x0000000610760000)
 tenured generation   total 346816K, used 52753K [0x00000006ae950000, 0x00000006c3c00000, 0x0000000800000000)
   the space 346816K,  15% used [0x00000006ae950000, 0x00000006b1cd4618, 0x00000006b1cd4800, 0x00000006c3c00000)
 Metaspace       used 85949K, capacity 87977K, committed 88212K, reserved 1126400K
  class space    used 10634K, capacity 11366K, committed 11480K, reserved 1048576K
}
Event: 8579.797 GC heap after
{Heap after GC invocations=15 (full 3):
 def new generation   total 156096K, used 2958K [0x0000000605e00000, 0x0000000610760000, 0x00000006ae950000)
  eden space 138752K,   0% used [0x0000000605e00000, 0x0000000605e00000, 0x000000060e580000)
  from space 17344K,  17% used [0x000000060f670000, 0x000000060f953be8, 0x0000000610760000)
  to   space 17344K,   0% used [0x000000060e580000, 0x000000060e580000, 0x000000060f670000)
 tenured generation   total 346816K, used 52753K [0x00000006ae950000, 0x00000006c3c00000, 0x0000000800000000)
   the space 346816K,  15% used [0x00000006ae950000, 0x00000006b1cd4618, 0x00000006b1cd4800, 0x00000006c3c00000)
 Metaspace       used 85949K, capacity 87977K, committed 88212K, reserved 1126400K
  class space    used 10634K, capacity 11366K, committed 11480K, reserved 1048576K
}
Event: 8885.276 GC heap before
{Heap before GC invocations=15 (full 3):
 def new generation   total 156096K, used 141710K [0x0000000605e00000, 0x0000000610760000, 0x00000006ae950000)
  eden space 138752K, 100% used [0x0000000605e00000, 0x000000060e580000, 0x000000060e580000)
  from space 17344K,  17% used [0x000000060f670000, 0x000000060f953be8, 0x0000000610760000)
  to   space 17344K,   0% used [0x000000060e580000, 0x000000060e580000, 0x000000060f670000)
 tenured generation   total 346816K, used 52753K [0x00000006ae950000, 0x00000006c3c00000, 0x0000000800000000)
   the space 346816K,  15% used [0x00000006ae950000, 0x00000006b1cd4618, 0x00000006b1cd4800, 0x00000006c3c00000)
 Metaspace       used 90600K, capacity 92922K, committed 93076K, reserved 1130496K
  class space    used 11311K, capacity 12151K, committed 12248K, reserved 1048576K
}
Event: 8885.283 GC heap after
{Heap after GC invocations=16 (full 3):
 def new generation   total 156096K, used 2654K [0x0000000605e00000, 0x0000000610760000, 0x00000006ae950000)
  eden space 138752K,   0% used [0x0000000605e00000, 0x0000000605e00000, 0x000000060e580000)
  from space 17344K,  15% used [0x000000060e580000, 0x000000060e817a60, 0x000000060f670000)
  to   space 17344K,   0% used [0x000000060f670000, 0x000000060f670000, 0x0000000610760000)
 tenured generation   total 346816K, used 52753K [0x00000006ae950000, 0x00000006c3c00000, 0x0000000800000000)
   the space 346816K,  15% used [0x00000006ae950000, 0x00000006b1cd4618, 0x00000006b1cd4800, 0x00000006c3c00000)
 Metaspace       used 90600K, capacity 92922K, committed 93076K, reserved 1130496K
  class space    used 11311K, capacity 12151K, committed 12248K, reserved 1048576K
}

